build/app/intermediates/manifest_merge_blame_file/debug/manifest-merger-blame-debug-report.txt
1<?xml version="1.0" encoding="utf-8"?>
2<manifest xmlns:android="http://schemas.android.com/apk/res/android"
3    package="com.example.limitation_of_succession"
4    android:versionCode="1"
5    android:versionName="1.0.0" >
6
7    <uses-sdk
8        android:minSdkVersion="16"
9        android:targetSdkVersion="31" />
10
11    <uses-permission android:name="android.permission.INTERNET" />
11-->src\main\AndroidManifest.xml:3:5-66
11-->src\main\AndroidManifest.xml:3:22-64
12
13    <application
13-->src\main\AndroidManifest.xml:4:4-41:19
14        android:allowBackup="true"
14-->src\debug\AndroidManifest.xml:4:9-35
15        android:appComponentFactory="androidx.core.app.CoreComponentFactory"
15-->[androidx.core:core:1.6.0] AndroidManifest.xml:24:18-86
16        android:debuggable="true"
17        android:icon="@mipmap/launcher_icon"
17-->src\main\AndroidManifest.xml:6:9-45
18        android:label="limitation of succession"
18-->src\main\AndroidManifest.xml:5:9-49
19        android:supportsRtl="true" >
19-->src\debug\AndroidManifest.xml:5:9-35
20
21        <!--
22            Solution: add the android:exported attribute and set it to true or false
23            to every activity or receiver that you may have
24        -->
25        <activity
25-->src\main\AndroidManifest.xml:7:9-35:20
26            android:name="com.example.limitation_of_succession.MainActivity"
26-->src\main\AndroidManifest.xml:8:13-41
27            android:configChanges="orientation|keyboardHidden|keyboard|screenSize|smallestScreenSize|locale|layoutDirection|fontScale|screenLayout|density|uiMode"
27-->src\main\AndroidManifest.xml:11:13-163
28            android:exported="true"
28-->src\debug\AndroidManifest.xml:11:48-71
29            android:hardwareAccelerated="true"
29-->src\main\AndroidManifest.xml:12:13-47
30            android:launchMode="singleTop"
30-->src\main\AndroidManifest.xml:9:13-43
31            android:theme="@style/LaunchTheme"
31-->src\main\AndroidManifest.xml:10:13-47
32            android:windowSoftInputMode="adjustResize" >
32-->src\main\AndroidManifest.xml:13:13-55
33            <intent-filter>
33-->src\main\AndroidManifest.xml:31:13-34:29
34                <action android:name="android.intent.action.MAIN" />
34-->src\main\AndroidManifest.xml:32:17-68
34-->src\main\AndroidManifest.xml:32:25-66
35
36                <category android:name="android.intent.category.LAUNCHER" />
36-->src\main\AndroidManifest.xml:33:17-76
36-->src\main\AndroidManifest.xml:33:27-74
37            </intent-filter>
38            <!--
39             Specifies an Android theme to apply to this Activity as soon as
40                 the Android process has started. This theme is visible to the user
41                 while the Flutter UI initializes. After that, this theme continues
42                 to determine the Window background behind the Flutter UI.
43            -->
44            <meta-data
44-->src\main\AndroidManifest.xml:18:13-21:17
45                android:name="io.flutter.embedding.android.NormalTheme"
45-->src\main\AndroidManifest.xml:19:15-70
46                android:resource="@style/NormalTheme" />
46-->src\main\AndroidManifest.xml:20:15-52
47            <!--
48 Displays an Android View that continues showing the launch screen
49                 Drawable until Flutter paints its first frame, then this splash
50                 screen fades out. A splash screen is useful to avoid any visual
51                 gap between the end of Android's launch screen and the painting of
52                 Flutter's first frame.
53            -->
54            <meta-data
54-->src\main\AndroidManifest.xml:27:13-30:17
55                android:name="io.flutter.embedding.android.SplashScreenDrawable"
55-->src\main\AndroidManifest.xml:28:15-79
56                android:resource="@drawable/launch_background" />
56-->src\main\AndroidManifest.xml:29:15-61
57        </activity>
58        <!--
59         Don't delete the meta-data below.
60             This is used by the Flutter tool to generate GeneratedPluginRegistrant.java
61        -->
62        <meta-data
62-->src\main\AndroidManifest.xml:38:9-40:33
63            android:name="flutterEmbedding"
63-->src\main\AndroidManifest.xml:39:13-44
64            android:value="2" />
64-->src\main\AndroidManifest.xml:40:13-30
65
66        <uses-library
66-->[androidx.window:window:1.0.0-beta04] AndroidManifest.xml:25:9-27:40
67            android:name="androidx.window.extensions"
67-->[androidx.window:window:1.0.0-beta04] AndroidManifest.xml:26:13-54
68            android:required="false" />
68-->[androidx.window:window:1.0.0-beta04] AndroidManifest.xml:27:13-37
69        <uses-library
69-->[androidx.window:window:1.0.0-beta04] AndroidManifest.xml:28:9-30:40
70            android:name="androidx.window.sidecar"
70-->[androidx.window:window:1.0.0-beta04] AndroidManifest.xml:29:13-51
71            android:required="false" />
71-->[androidx.window:window:1.0.0-beta04] AndroidManifest.xml:30:13-37
72    </application>
73
74</manifest>